GET /
GET /
GET /
GET /
GET /
GET /
GET /
GET /
GET /
GET /
GET /
GET /
GET /
GET /
${req.url} ${req.method}
${req.url} ${req.method}
${req.url} ${req.method}
${req.url} ${req.method}
${req.url} ${req.method}
/ GET
/about GET
/about.hbs GET
/about GET
/about GET
/about GET
/about GET
/about GET
/about GET
/about GET
/about.hbs GET
/about.hbs GET
/about.hbs GET
/about.hbs GET
/about.hbs GET
/about.hbs GET
/about.hbs GET
/about.hbs GET
/about.hbs GET
/about.hbs GET
/about.hbs GET
/about.hbs GET
/about.hbs GET
/about GET
/about GET
/about GET
/about GET
/about GET
GET /
GET /css/style.css
GET /js/app.js
GET /img/weather.png
GET /history
GET /css/style.css
GET /js/app.js
GET /img/express.jpg
GET /favicon.ico
GET /help
GET /favicon.ico
GET /favicon.ico
GET /about
GET /favicon.ico
GET /favicon.ico
GET /
GET /css/style.css
GET /js/app.js
GET /intro
GET /css/style.css
GET /js/app.js
GET /img/express.jpg
GET /favicon.ico
GET /history
GET /css/style.css
GET /js/app.js
GET /img/express.jpg
GET /favicon.ico
GET /help
GET /favicon.ico
GET /favicon.ico
GET /help
GET /favicon.ico
GET /favicon.ico
GET /intro
GET /css/style.css
GET /js/app.js
GET /img/express.jpg
GET /favicon.ico
GET /about
GET /favicon.ico
GET /favicon.ico
GET /
GET /css/style.css
GET /js/app.js
GET /intro
GET /css/style.css
GET /js/app.js
GET /img/express.jpg
GET /favicon.ico
GET /history
GET /css/style.css
GET /js/app.js
GET /img/express.jpg
GET /favicon.ico
GET /about
GET /favicon.ico
GET /about.hbs
GET /favicon.ico
GET /favicon.ico
GET /favicon.ico
GET /
GET /css/style.css
GET /js/app.js
